<?xml version="1.0" encoding="UTF-8" ?>
<testsuite failures="0" time="0.054" errors="0" skipped="0" tests="9" name="test.java.fr.javafreelance.unit.GlobalSearch">
  <properties>
[...]
</properties>
  <testcase time="0.017" classname="test.java.fr.javafreelance.unit.GlobalSearch" name="findCheckCssIsWellFormed"/>
  <testcase time="0.011" classname="test.java.fr.javafreelance.unit.GlobalSearch" name="findCheckCssIsWellFormedWithPostSelector"/>
  <testcase time="0.005" classname="test.java.fr.javafreelance.unit.GlobalSearch" name="findPostSelectorFilterWithElementThatMatch"/>
  <testcase time="0.006" classname="test.java.fr.javafreelance.unit.GlobalSearch" name="findPostSelectorFilterWithElementThatDontMatch"/>
  <testcase time="0.004" classname="test.java.fr.javafreelance.unit.GlobalSearch" name="findPostSelectorFilterWithFilterOnText"/>
  <testcase time="0.003" classname="test.java.fr.javafreelance.unit.GlobalSearch" name="findByPosition"/>
  <testcase time="0.001" classname="test.java.fr.javafreelance.unit.GlobalSearch" name="shouldThrowErrorWhenPositionNotFound"/>
  <testcase time="0.002" classname="test.java.fr.javafreelance.unit.GlobalSearch" name="findFirstShouldReturnFirst"/>
  <testcase time="0.001" classname="test.java.fr.javafreelance.unit.GlobalSearch" name="shouldThrowErrorWhenFirstNotFound"/>
</testsuite>